[2015-11-13 11:35:00.362] [DEBUG] configs - config:{"dbconfig":{"host":"localhost","user":"root","password":"123456","database":"LittleMaster"},"dbconfigslave":{"host":"localhost","user":"root","password":"","database":"LittleMaster"},"ossconfig":{"accessKeyId":"AYHqWkRssXm6pqCv","secretAccessKey":"QRTLrPqWDrqPgoNErniALChTZ1DuGL","bucketName":"little-master-test","endpoint":"http://oss-cn-hangzhou.aliyuncs.com","apiVersion":"2013-10-15"},"weixinconfig":{"appId":"wxbd6f3476bedbb55f","appSecret":"a8d342199c246fbaac755c7c47ea5041","token":"TsingZone2015"},"memcachedconfig":{"server1":{"keyPrefix":"LittleMaster_","server":"127.0.0.1","port":"11211","weight":"1","options":{"maxKeySize":250,"maxExpiration":2592000,"maxValue":1048576,"poolSize":10,"reconnect":18000000,"timeout":5000,"retries":5,"retry":30000}}},"smsconfig":{"server":{"IP":"https://sandboxapp.cloopen.com","Port":"8883"},"accountSid":"8a48b5514bde8c71014be3336e8802b0","accountToken":"3104c11a2bdc400ab0039f929b098f71","appId":"aaf98f8950189e9b01504637d0d91a71","softVersion":"2013-12-26"}}
[2015-11-13 11:35:07.701] [DEBUG] configs - config:{"dbconfig":{"host":"localhost","user":"root","password":"123456","database":"LittleMaster"},"dbconfigslave":{"host":"localhost","user":"root","password":"","database":"LittleMaster"},"ossconfig":{"accessKeyId":"AYHqWkRssXm6pqCv","secretAccessKey":"QRTLrPqWDrqPgoNErniALChTZ1DuGL","bucketName":"little-master-test","endpoint":"http://oss-cn-hangzhou.aliyuncs.com","apiVersion":"2013-10-15"},"weixinconfig":{"appId":"wxbd6f3476bedbb55f","appSecret":"a8d342199c246fbaac755c7c47ea5041","token":"TsingZone2015"},"memcachedconfig":{"server1":{"keyPrefix":"LittleMaster_","server":"127.0.0.1","port":"11211","weight":"1","options":{"maxKeySize":250,"maxExpiration":2592000,"maxValue":1048576,"poolSize":10,"reconnect":18000000,"timeout":5000,"retries":5,"retry":30000}}},"smsconfig":{"server":{"IP":"https://sandboxapp.cloopen.com","Port":"8883"},"accountSid":"8a48b5514bde8c71014be3336e8802b0","accountToken":"3104c11a2bdc400ab0039f929b098f71","appId":"aaf98f8950189e9b01504637d0d91a71","softVersion":"2013-12-26"}}
[2015-11-13 11:35:09.101] [DEBUG] weixin - ------ 点击页面链接 -------
[2015-11-13 11:35:09.101] [INFO] console - None
[2015-11-13 11:35:09.101] [INFO] console - company.js /
[2015-11-13 11:35:13.858] [DEBUG] weixin - ------ 点击页面链接 -------
[2015-11-13 11:35:13.859] [INFO] console - None
[2015-11-13 11:35:13.859] [INFO] console - company.js jobList
[2015-11-13 11:35:13.859] [INFO] console - [ city: '北京市', type: '', area: '', time: '', sort: '' ]
[2015-11-13 15:11:51.337] [DEBUG] configs - config:{"dbconfig":{"host":"localhost","user":"root","password":"123456","database":"LittleMaster"},"dbconfigslave":{"host":"localhost","user":"root","password":"","database":"LittleMaster"},"ossconfig":{"accessKeyId":"AYHqWkRssXm6pqCv","secretAccessKey":"QRTLrPqWDrqPgoNErniALChTZ1DuGL","bucketName":"little-master-test","endpoint":"http://oss-cn-hangzhou.aliyuncs.com","apiVersion":"2013-10-15"},"weixinconfig":{"appId":"wxbd6f3476bedbb55f","appSecret":"a8d342199c246fbaac755c7c47ea5041","token":"TsingZone2015"},"memcachedconfig":{"server1":{"keyPrefix":"LittleMaster_","server":"127.0.0.1","port":"11211","weight":"1","options":{"maxKeySize":250,"maxExpiration":2592000,"maxValue":1048576,"poolSize":10,"reconnect":18000000,"timeout":5000,"retries":5,"retry":30000}}},"smsconfig":{"server":{"IP":"https://sandboxapp.cloopen.com","Port":"8883"},"accountSid":"8a48b5514bde8c71014be3336e8802b0","accountToken":"3104c11a2bdc400ab0039f929b098f71","appId":"aaf98f8950189e9b01504637d0d91a71","softVersion":"2013-12-26"}}
[2015-11-13 15:11:51.903] [DEBUG] weixin - ------ 点击页面链接 -------
[2015-11-13 15:11:51.903] [INFO] console - None
[2015-11-13 15:11:51.903] [INFO] console - company.js /
[2015-11-13 15:13:25.700] [DEBUG] weixin - ------ 点击页面链接 -------
[2015-11-13 15:13:25.700] [INFO] console - None
[2015-11-13 15:13:25.701] [INFO] console - company.js /
[2015-11-13 15:15:35.807] [DEBUG] weixin - ------ 点击页面链接 -------
[2015-11-13 15:15:35.808] [INFO] console - None
[2015-11-13 15:15:35.809] [INFO] console - company.js /
[2015-11-13 15:16:00.193] [DEBUG] configs - config:{"dbconfig":{"host":"localhost","user":"root","password":"123456","database":"LittleMaster"},"dbconfigslave":{"host":"localhost","user":"root","password":"","database":"LittleMaster"},"ossconfig":{"accessKeyId":"AYHqWkRssXm6pqCv","secretAccessKey":"QRTLrPqWDrqPgoNErniALChTZ1DuGL","bucketName":"little-master-test","endpoint":"http://oss-cn-hangzhou.aliyuncs.com","apiVersion":"2013-10-15"},"weixinconfig":{"appId":"wxbd6f3476bedbb55f","appSecret":"a8d342199c246fbaac755c7c47ea5041","token":"TsingZone2015"},"memcachedconfig":{"server1":{"keyPrefix":"LittleMaster_","server":"127.0.0.1","port":"11211","weight":"1","options":{"maxKeySize":250,"maxExpiration":2592000,"maxValue":1048576,"poolSize":10,"reconnect":18000000,"timeout":5000,"retries":5,"retry":30000}}},"smsconfig":{"server":{"IP":"https://sandboxapp.cloopen.com","Port":"8883"},"accountSid":"8a48b5514bde8c71014be3336e8802b0","accountToken":"3104c11a2bdc400ab0039f929b098f71","appId":"aaf98f8950189e9b01504637d0d91a71","softVersion":"2013-12-26"}}
[2015-11-13 15:16:01.216] [DEBUG] weixin - ------ 点击页面链接 -------
[2015-11-13 15:16:01.216] [INFO] console - None
[2015-11-13 15:16:01.217] [INFO] console - company.js /
[2015-11-13 15:16:19.223] [DEBUG] weixin - ------ 点击页面链接 -------
[2015-11-13 15:16:19.223] [INFO] console - None
[2015-11-13 15:16:19.223] [INFO] console - company.js /
[2015-11-13 15:17:29.742] [DEBUG] weixin - ------ 点击页面链接 -------
[2015-11-13 15:17:29.743] [INFO] console - None
[2015-11-13 15:17:29.743] [INFO] console - company.js /
[2015-11-13 15:18:48.742] [DEBUG] configs - config:{"dbconfig":{"host":"localhost","user":"root","password":"123456","database":"LittleMaster"},"dbconfigslave":{"host":"localhost","user":"root","password":"","database":"LittleMaster"},"ossconfig":{"accessKeyId":"AYHqWkRssXm6pqCv","secretAccessKey":"QRTLrPqWDrqPgoNErniALChTZ1DuGL","bucketName":"little-master-test","endpoint":"http://oss-cn-hangzhou.aliyuncs.com","apiVersion":"2013-10-15"},"weixinconfig":{"appId":"wxbd6f3476bedbb55f","appSecret":"a8d342199c246fbaac755c7c47ea5041","token":"TsingZone2015"},"memcachedconfig":{"server1":{"keyPrefix":"LittleMaster_","server":"127.0.0.1","port":"11211","weight":"1","options":{"maxKeySize":250,"maxExpiration":2592000,"maxValue":1048576,"poolSize":10,"reconnect":18000000,"timeout":5000,"retries":5,"retry":30000}}},"smsconfig":{"server":{"IP":"https://sandboxapp.cloopen.com","Port":"8883"},"accountSid":"8a48b5514bde8c71014be3336e8802b0","accountToken":"3104c11a2bdc400ab0039f929b098f71","appId":"aaf98f8950189e9b01504637d0d91a71","softVersion":"2013-12-26"}}
[2015-11-13 15:18:50.932] [DEBUG] weixin - ------ 点击页面链接 -------
[2015-11-13 15:18:50.948] [INFO] console - None
[2015-11-13 15:18:50.949] [INFO] console - company.js /
[2015-11-13 15:20:50.707] [DEBUG] configs - config:{"dbconfig":{"host":"localhost","user":"root","password":"123456","database":"LittleMaster"},"dbconfigslave":{"host":"localhost","user":"root","password":"","database":"LittleMaster"},"ossconfig":{"accessKeyId":"AYHqWkRssXm6pqCv","secretAccessKey":"QRTLrPqWDrqPgoNErniALChTZ1DuGL","bucketName":"little-master-test","endpoint":"http://oss-cn-hangzhou.aliyuncs.com","apiVersion":"2013-10-15"},"weixinconfig":{"appId":"wxbd6f3476bedbb55f","appSecret":"a8d342199c246fbaac755c7c47ea5041","token":"TsingZone2015"},"memcachedconfig":{"server1":{"keyPrefix":"LittleMaster_","server":"127.0.0.1","port":"11211","weight":"1","options":{"maxKeySize":250,"maxExpiration":2592000,"maxValue":1048576,"poolSize":10,"reconnect":18000000,"timeout":5000,"retries":5,"retry":30000}}},"smsconfig":{"server":{"IP":"https://sandboxapp.cloopen.com","Port":"8883"},"accountSid":"8a48b5514bde8c71014be3336e8802b0","accountToken":"3104c11a2bdc400ab0039f929b098f71","appId":"aaf98f8950189e9b01504637d0d91a71","softVersion":"2013-12-26"}}
[2015-11-13 15:20:55.068] [DEBUG] configs - config:{"dbconfig":{"host":"localhost","user":"root","password":"123456","database":"LittleMaster"},"dbconfigslave":{"host":"localhost","user":"root","password":"","database":"LittleMaster"},"ossconfig":{"accessKeyId":"AYHqWkRssXm6pqCv","secretAccessKey":"QRTLrPqWDrqPgoNErniALChTZ1DuGL","bucketName":"little-master-test","endpoint":"http://oss-cn-hangzhou.aliyuncs.com","apiVersion":"2013-10-15"},"weixinconfig":{"appId":"wxbd6f3476bedbb55f","appSecret":"a8d342199c246fbaac755c7c47ea5041","token":"TsingZone2015"},"memcachedconfig":{"server1":{"keyPrefix":"LittleMaster_","server":"127.0.0.1","port":"11211","weight":"1","options":{"maxKeySize":250,"maxExpiration":2592000,"maxValue":1048576,"poolSize":10,"reconnect":18000000,"timeout":5000,"retries":5,"retry":30000}}},"smsconfig":{"server":{"IP":"https://sandboxapp.cloopen.com","Port":"8883"},"accountSid":"8a48b5514bde8c71014be3336e8802b0","accountToken":"3104c11a2bdc400ab0039f929b098f71","appId":"aaf98f8950189e9b01504637d0d91a71","softVersion":"2013-12-26"}}
[2015-11-13 15:21:00.528] [DEBUG] weixin - ------ 点击页面链接 -------
[2015-11-13 15:21:00.528] [INFO] console - None
[2015-11-13 15:21:00.529] [INFO] console - company.js /
[2015-11-13 15:21:32.500] [DEBUG] weixin - ------ 点击页面链接 -------
[2015-11-13 15:21:32.500] [INFO] console - None
[2015-11-13 15:21:32.501] [INFO] console - company.js /
[2015-11-13 15:21:45.489] [DEBUG] configs - config:{"dbconfig":{"host":"localhost","user":"root","password":"123456","database":"LittleMaster"},"dbconfigslave":{"host":"localhost","user":"root","password":"","database":"LittleMaster"},"ossconfig":{"accessKeyId":"AYHqWkRssXm6pqCv","secretAccessKey":"QRTLrPqWDrqPgoNErniALChTZ1DuGL","bucketName":"little-master-test","endpoint":"http://oss-cn-hangzhou.aliyuncs.com","apiVersion":"2013-10-15"},"weixinconfig":{"appId":"wxbd6f3476bedbb55f","appSecret":"a8d342199c246fbaac755c7c47ea5041","token":"TsingZone2015"},"memcachedconfig":{"server1":{"keyPrefix":"LittleMaster_","server":"127.0.0.1","port":"11211","weight":"1","options":{"maxKeySize":250,"maxExpiration":2592000,"maxValue":1048576,"poolSize":10,"reconnect":18000000,"timeout":5000,"retries":5,"retry":30000}}},"smsconfig":{"server":{"IP":"https://sandboxapp.cloopen.com","Port":"8883"},"accountSid":"8a48b5514bde8c71014be3336e8802b0","accountToken":"3104c11a2bdc400ab0039f929b098f71","appId":"aaf98f8950189e9b01504637d0d91a71","softVersion":"2013-12-26"}}
[2015-11-13 15:22:04.268] [DEBUG] weixin - ------ 点击页面链接 -------
[2015-11-13 15:22:04.268] [INFO] console - None
[2015-11-13 15:22:04.269] [INFO] console - company.js /
[2015-11-13 15:22:36.965] [DEBUG] weixin - ------ 点击页面链接 -------
[2015-11-13 15:22:36.965] [INFO] console - None
[2015-11-13 15:22:36.967] [INFO] console - company.js /
[2015-11-13 15:24:01.734] [DEBUG] configs - config:{"dbconfig":{"host":"localhost","user":"root","password":"123456","database":"LittleMaster"},"dbconfigslave":{"host":"localhost","user":"root","password":"","database":"LittleMaster"},"ossconfig":{"accessKeyId":"AYHqWkRssXm6pqCv","secretAccessKey":"QRTLrPqWDrqPgoNErniALChTZ1DuGL","bucketName":"little-master-test","endpoint":"http://oss-cn-hangzhou.aliyuncs.com","apiVersion":"2013-10-15"},"weixinconfig":{"appId":"wxbd6f3476bedbb55f","appSecret":"a8d342199c246fbaac755c7c47ea5041","token":"TsingZone2015"},"memcachedconfig":{"server1":{"keyPrefix":"LittleMaster_","server":"127.0.0.1","port":"11211","weight":"1","options":{"maxKeySize":250,"maxExpiration":2592000,"maxValue":1048576,"poolSize":10,"reconnect":18000000,"timeout":5000,"retries":5,"retry":30000}}},"smsconfig":{"server":{"IP":"https://sandboxapp.cloopen.com","Port":"8883"},"accountSid":"8a48b5514bde8c71014be3336e8802b0","accountToken":"3104c11a2bdc400ab0039f929b098f71","appId":"aaf98f8950189e9b01504637d0d91a71","softVersion":"2013-12-26"}}
[2015-11-13 15:24:02.085] [DEBUG] weixin - ------ 点击页面链接 -------
[2015-11-13 15:24:02.086] [INFO] console - None
[2015-11-13 15:24:02.086] [INFO] console - company.js /
[2015-11-13 15:24:45.016] [DEBUG] weixin - ------ 点击页面链接 -------
[2015-11-13 15:24:45.017] [INFO] console - None
[2015-11-13 15:24:45.017] [INFO] console - company.js /
[2015-11-13 15:25:08.889] [DEBUG] weixin - ------ 点击页面链接 -------
[2015-11-13 15:25:08.890] [INFO] console - None
[2015-11-13 15:25:08.890] [INFO] console - company.js /
[2015-11-13 15:25:12.139] [DEBUG] weixin - ------ 点击页面链接 -------
[2015-11-13 15:25:12.139] [INFO] console - None
[2015-11-13 15:25:12.139] [INFO] console - company.js jobList
[2015-11-13 15:25:12.140] [INFO] console - [ city: '北京市', type: '', area: '', time: '', sort: '' ]
[2015-11-13 15:26:57.978] [DEBUG] configs - config:{"dbconfig":{"host":"localhost","user":"root","password":"123456","database":"LittleMaster"},"dbconfigslave":{"host":"localhost","user":"root","password":"","database":"LittleMaster"},"ossconfig":{"accessKeyId":"AYHqWkRssXm6pqCv","secretAccessKey":"QRTLrPqWDrqPgoNErniALChTZ1DuGL","bucketName":"little-master-test","endpoint":"http://oss-cn-hangzhou.aliyuncs.com","apiVersion":"2013-10-15"},"weixinconfig":{"appId":"wxbd6f3476bedbb55f","appSecret":"a8d342199c246fbaac755c7c47ea5041","token":"TsingZone2015"},"memcachedconfig":{"server1":{"keyPrefix":"LittleMaster_","server":"127.0.0.1","port":"11211","weight":"1","options":{"maxKeySize":250,"maxExpiration":2592000,"maxValue":1048576,"poolSize":10,"reconnect":18000000,"timeout":5000,"retries":5,"retry":30000}}},"smsconfig":{"server":{"IP":"https://sandboxapp.cloopen.com","Port":"8883"},"accountSid":"8a48b5514bde8c71014be3336e8802b0","accountToken":"3104c11a2bdc400ab0039f929b098f71","appId":"aaf98f8950189e9b01504637d0d91a71","softVersion":"2013-12-26"}}
[2015-11-13 15:26:58.310] [DEBUG] weixin - ------ 点击页面链接 -------
[2015-11-13 15:26:58.311] [INFO] console - None
[2015-11-13 15:26:58.311] [INFO] console - company.js /
[2015-11-13 15:26:58.849] [DEBUG] weixin - ------ 点击页面链接 -------
[2015-11-13 15:26:58.849] [INFO] console - None
[2015-11-13 15:26:58.850] [INFO] console - company.js jobList
[2015-11-13 15:26:58.850] [INFO] console - [ city: '北京市', type: '', area: '', time: '', sort: '' ]
[2015-11-13 15:27:13.356] [DEBUG] weixin - ------ 点击页面链接 -------
[2015-11-13 15:27:13.356] [INFO] console - None
[2015-11-13 15:27:13.357] [INFO] console - company.js isSign
[2015-11-13 15:27:13.357] [INFO] console - [ jobId: '2', teacherId: '1' ]
[2015-11-13 15:28:58.957] [DEBUG] weixin - ------ 点击页面链接 -------
[2015-11-13 15:28:58.957] [INFO] console - None
[2015-11-13 15:28:58.958] [INFO] console - company.js isSign
[2015-11-13 15:28:58.959] [INFO] console - [ jobId: '2', teacherId: '1' ]
[2015-11-13 15:30:21.517] [DEBUG] configs - config:{"dbconfig":{"host":"localhost","user":"root","password":"123456","database":"LittleMaster"},"dbconfigslave":{"host":"localhost","user":"root","password":"","database":"LittleMaster"},"ossconfig":{"accessKeyId":"AYHqWkRssXm6pqCv","secretAccessKey":"QRTLrPqWDrqPgoNErniALChTZ1DuGL","bucketName":"little-master-test","endpoint":"http://oss-cn-hangzhou.aliyuncs.com","apiVersion":"2013-10-15"},"weixinconfig":{"appId":"wxbd6f3476bedbb55f","appSecret":"a8d342199c246fbaac755c7c47ea5041","token":"TsingZone2015"},"memcachedconfig":{"server1":{"keyPrefix":"LittleMaster_","server":"127.0.0.1","port":"11211","weight":"1","options":{"maxKeySize":250,"maxExpiration":2592000,"maxValue":1048576,"poolSize":10,"reconnect":18000000,"timeout":5000,"retries":5,"retry":30000}}},"smsconfig":{"server":{"IP":"https://sandboxapp.cloopen.com","Port":"8883"},"accountSid":"8a48b5514bde8c71014be3336e8802b0","accountToken":"3104c11a2bdc400ab0039f929b098f71","appId":"aaf98f8950189e9b01504637d0d91a71","softVersion":"2013-12-26"}}
[2015-11-13 15:30:22.975] [DEBUG] weixin - ------ 点击页面链接 -------
[2015-11-13 15:30:22.975] [INFO] console - None
[2015-11-13 15:30:22.976] [INFO] console - company.js /
[2015-11-13 15:30:23.598] [DEBUG] weixin - ------ 点击页面链接 -------
[2015-11-13 15:30:23.599] [INFO] console - None
[2015-11-13 15:30:23.599] [INFO] console - company.js jobList
[2015-11-13 15:30:23.599] [INFO] console - [ city: '北京市', type: '', area: '', time: '', sort: '' ]
[2015-11-13 15:30:27.412] [DEBUG] weixin - ------ 点击页面链接 -------
[2015-11-13 15:30:27.412] [INFO] console - None
[2015-11-13 15:30:27.412] [INFO] console - company.js isSign
[2015-11-13 15:30:27.417] [ERROR] pro - Error in query, select id from teacher_sign where status = 1 and job_id = ? and teacher_id = ? {"code":"ER_PARSE_ERROR","errno":1064,"sqlState":"42000","index":0}
[2015-11-13 15:32:50.833] [DEBUG] configs - config:{"dbconfig":{"host":"localhost","user":"root","password":"123456","database":"LittleMaster"},"dbconfigslave":{"host":"localhost","user":"root","password":"","database":"LittleMaster"},"ossconfig":{"accessKeyId":"AYHqWkRssXm6pqCv","secretAccessKey":"QRTLrPqWDrqPgoNErniALChTZ1DuGL","bucketName":"little-master-test","endpoint":"http://oss-cn-hangzhou.aliyuncs.com","apiVersion":"2013-10-15"},"weixinconfig":{"appId":"wxbd6f3476bedbb55f","appSecret":"a8d342199c246fbaac755c7c47ea5041","token":"TsingZone2015"},"memcachedconfig":{"server1":{"keyPrefix":"LittleMaster_","server":"127.0.0.1","port":"11211","weight":"1","options":{"maxKeySize":250,"maxExpiration":2592000,"maxValue":1048576,"poolSize":10,"reconnect":18000000,"timeout":5000,"retries":5,"retry":30000}}},"smsconfig":{"server":{"IP":"https://sandboxapp.cloopen.com","Port":"8883"},"accountSid":"8a48b5514bde8c71014be3336e8802b0","accountToken":"3104c11a2bdc400ab0039f929b098f71","appId":"aaf98f8950189e9b01504637d0d91a71","softVersion":"2013-12-26"}}
[2015-11-13 15:32:51.389] [DEBUG] weixin - ------ 点击页面链接 -------
[2015-11-13 15:32:51.389] [INFO] console - None
[2015-11-13 15:32:51.390] [INFO] console - company.js /
[2015-11-13 15:32:52.051] [DEBUG] weixin - ------ 点击页面链接 -------
[2015-11-13 15:32:52.051] [INFO] console - None
[2015-11-13 15:32:52.051] [INFO] console - company.js jobList
[2015-11-13 15:32:52.052] [INFO] console - [ city: '北京市', type: '', area: '', time: '', sort: '' ]
[2015-11-13 15:32:56.674] [DEBUG] weixin - ------ 点击页面链接 -------
[2015-11-13 15:32:56.674] [INFO] console - None
[2015-11-13 15:32:56.675] [INFO] console - company.js isSign
[2015-11-13 15:32:56.675] [INFO] console - [ jobId: '2', teacherId: '1' ]
[2015-11-13 15:32:56.678] [ERROR] pro - Error in query, select id from teacher_sign where status = 1 and job_id = ? and teacher_id = ? {"code":"ER_PARSE_ERROR","errno":1064,"sqlState":"42000","index":0}
[2015-11-13 15:33:46.103] [DEBUG] configs - config:{"dbconfig":{"host":"localhost","user":"root","password":"123456","database":"LittleMaster"},"dbconfigslave":{"host":"localhost","user":"root","password":"","database":"LittleMaster"},"ossconfig":{"accessKeyId":"AYHqWkRssXm6pqCv","secretAccessKey":"QRTLrPqWDrqPgoNErniALChTZ1DuGL","bucketName":"little-master-test","endpoint":"http://oss-cn-hangzhou.aliyuncs.com","apiVersion":"2013-10-15"},"weixinconfig":{"appId":"wxbd6f3476bedbb55f","appSecret":"a8d342199c246fbaac755c7c47ea5041","token":"TsingZone2015"},"memcachedconfig":{"server1":{"keyPrefix":"LittleMaster_","server":"127.0.0.1","port":"11211","weight":"1","options":{"maxKeySize":250,"maxExpiration":2592000,"maxValue":1048576,"poolSize":10,"reconnect":18000000,"timeout":5000,"retries":5,"retry":30000}}},"smsconfig":{"server":{"IP":"https://sandboxapp.cloopen.com","Port":"8883"},"accountSid":"8a48b5514bde8c71014be3336e8802b0","accountToken":"3104c11a2bdc400ab0039f929b098f71","appId":"aaf98f8950189e9b01504637d0d91a71","softVersion":"2013-12-26"}}
[2015-11-13 15:33:46.906] [DEBUG] weixin - ------ 点击页面链接 -------
[2015-11-13 15:33:46.907] [INFO] console - None
[2015-11-13 15:33:46.907] [INFO] console - company.js /
[2015-11-13 15:33:47.616] [DEBUG] weixin - ------ 点击页面链接 -------
[2015-11-13 15:33:47.617] [INFO] console - None
[2015-11-13 15:33:47.617] [INFO] console - company.js jobList
[2015-11-13 15:33:47.618] [INFO] console - [ city: '北京市', type: '', area: '', time: '', sort: '' ]
[2015-11-13 15:33:48.360] [DEBUG] weixin - ------ 点击页面链接 -------
[2015-11-13 15:33:48.361] [INFO] console - None
[2015-11-13 15:33:48.361] [INFO] console - company.js isSign
[2015-11-13 15:33:48.361] [INFO] console - [ '2', '1' ]
[2015-11-13 15:34:43.184] [DEBUG] configs - config:{"dbconfig":{"host":"localhost","user":"root","password":"123456","database":"LittleMaster"},"dbconfigslave":{"host":"localhost","user":"root","password":"","database":"LittleMaster"},"ossconfig":{"accessKeyId":"AYHqWkRssXm6pqCv","secretAccessKey":"QRTLrPqWDrqPgoNErniALChTZ1DuGL","bucketName":"little-master-test","endpoint":"http://oss-cn-hangzhou.aliyuncs.com","apiVersion":"2013-10-15"},"weixinconfig":{"appId":"wxbd6f3476bedbb55f","appSecret":"a8d342199c246fbaac755c7c47ea5041","token":"TsingZone2015"},"memcachedconfig":{"server1":{"keyPrefix":"LittleMaster_","server":"127.0.0.1","port":"11211","weight":"1","options":{"maxKeySize":250,"maxExpiration":2592000,"maxValue":1048576,"poolSize":10,"reconnect":18000000,"timeout":5000,"retries":5,"retry":30000}}},"smsconfig":{"server":{"IP":"https://sandboxapp.cloopen.com","Port":"8883"},"accountSid":"8a48b5514bde8c71014be3336e8802b0","accountToken":"3104c11a2bdc400ab0039f929b098f71","appId":"aaf98f8950189e9b01504637d0d91a71","softVersion":"2013-12-26"}}
[2015-11-13 15:34:43.556] [DEBUG] weixin - ------ 点击页面链接 -------
[2015-11-13 15:34:43.557] [INFO] console - None
[2015-11-13 15:34:43.557] [INFO] console - company.js /
[2015-11-13 15:34:44.491] [DEBUG] weixin - ------ 点击页面链接 -------
[2015-11-13 15:34:44.491] [INFO] console - None
[2015-11-13 15:34:44.492] [INFO] console - company.js jobList
[2015-11-13 15:34:44.493] [INFO] console - [ city: '北京市', type: '', area: '', time: '', sort: '' ]
[2015-11-13 15:36:56.857] [DEBUG] weixin - ------ 点击页面链接 -------
[2015-11-13 15:36:56.858] [INFO] console - None
[2015-11-13 15:36:56.858] [INFO] console - company.js isSign
[2015-11-13 15:36:56.858] [INFO] console - [ '2', '2' ]
[2015-11-13 15:37:51.880] [DEBUG] weixin - ------ 点击页面链接 -------
[2015-11-13 15:37:51.880] [INFO] console - None
[2015-11-13 15:37:51.881] [INFO] console - company.js /
[2015-11-13 15:37:52.120] [DEBUG] weixin - ------ 点击页面链接 -------
[2015-11-13 15:37:52.121] [INFO] console - None
[2015-11-13 15:37:52.122] [INFO] console - company.js jobList
[2015-11-13 15:37:52.122] [INFO] console - [ city: '北京市', type: '', area: '', time: '', sort: '' ]
[2015-11-13 15:37:53.026] [DEBUG] weixin - ------ 点击页面链接 -------
[2015-11-13 15:37:53.027] [INFO] console - None
[2015-11-13 15:37:53.027] [INFO] console - company.js isSign
[2015-11-13 15:37:53.028] [INFO] console - [ '2', '2' ]
[2015-11-13 15:38:06.954] [DEBUG] weixin - ------ 点击页面链接 -------
[2015-11-13 15:38:06.955] [INFO] console - None
[2015-11-13 15:38:06.955] [INFO] console - company.js /
[2015-11-13 15:38:07.178] [DEBUG] weixin - ------ 点击页面链接 -------
[2015-11-13 15:38:07.178] [INFO] console - None
[2015-11-13 15:38:07.178] [INFO] console - company.js jobList
[2015-11-13 15:38:07.178] [INFO] console - [ city: '北京市', type: '', area: '', time: '', sort: '' ]
[2015-11-13 15:38:08.901] [DEBUG] weixin - ------ 点击页面链接 -------
[2015-11-13 15:38:08.901] [INFO] console - None
[2015-11-13 15:38:08.901] [INFO] console - company.js isSign
[2015-11-13 15:38:08.902] [INFO] console - [ '2', '2' ]
[2015-11-13 15:38:42.081] [DEBUG] configs - config:{"dbconfig":{"host":"localhost","user":"root","password":"123456","database":"LittleMaster"},"dbconfigslave":{"host":"localhost","user":"root","password":"","database":"LittleMaster"},"ossconfig":{"accessKeyId":"AYHqWkRssXm6pqCv","secretAccessKey":"QRTLrPqWDrqPgoNErniALChTZ1DuGL","bucketName":"little-master-test","endpoint":"http://oss-cn-hangzhou.aliyuncs.com","apiVersion":"2013-10-15"},"weixinconfig":{"appId":"wxbd6f3476bedbb55f","appSecret":"a8d342199c246fbaac755c7c47ea5041","token":"TsingZone2015"},"memcachedconfig":{"server1":{"keyPrefix":"LittleMaster_","server":"127.0.0.1","port":"11211","weight":"1","options":{"maxKeySize":250,"maxExpiration":2592000,"maxValue":1048576,"poolSize":10,"reconnect":18000000,"timeout":5000,"retries":5,"retry":30000}}},"smsconfig":{"server":{"IP":"https://sandboxapp.cloopen.com","Port":"8883"},"accountSid":"8a48b5514bde8c71014be3336e8802b0","accountToken":"3104c11a2bdc400ab0039f929b098f71","appId":"aaf98f8950189e9b01504637d0d91a71","softVersion":"2013-12-26"}}
[2015-11-13 15:38:42.532] [DEBUG] weixin - ------ 点击页面链接 -------
[2015-11-13 15:38:42.533] [INFO] console - None
[2015-11-13 15:38:42.533] [INFO] console - company.js /
[2015-11-13 15:38:43.161] [DEBUG] weixin - ------ 点击页面链接 -------
[2015-11-13 15:38:43.162] [INFO] console - None
[2015-11-13 15:38:43.162] [INFO] console - company.js jobList
[2015-11-13 15:38:43.162] [INFO] console - [ city: '北京市', type: '', area: '', time: '', sort: '' ]
[2015-11-13 15:38:54.344] [DEBUG] configs - config:{"dbconfig":{"host":"localhost","user":"root","password":"123456","database":"LittleMaster"},"dbconfigslave":{"host":"localhost","user":"root","password":"","database":"LittleMaster"},"ossconfig":{"accessKeyId":"AYHqWkRssXm6pqCv","secretAccessKey":"QRTLrPqWDrqPgoNErniALChTZ1DuGL","bucketName":"little-master-test","endpoint":"http://oss-cn-hangzhou.aliyuncs.com","apiVersion":"2013-10-15"},"weixinconfig":{"appId":"wxbd6f3476bedbb55f","appSecret":"a8d342199c246fbaac755c7c47ea5041","token":"TsingZone2015"},"memcachedconfig":{"server1":{"keyPrefix":"LittleMaster_","server":"127.0.0.1","port":"11211","weight":"1","options":{"maxKeySize":250,"maxExpiration":2592000,"maxValue":1048576,"poolSize":10,"reconnect":18000000,"timeout":5000,"retries":5,"retry":30000}}},"smsconfig":{"server":{"IP":"https://sandboxapp.cloopen.com","Port":"8883"},"accountSid":"8a48b5514bde8c71014be3336e8802b0","accountToken":"3104c11a2bdc400ab0039f929b098f71","appId":"aaf98f8950189e9b01504637d0d91a71","softVersion":"2013-12-26"}}
[2015-11-13 15:38:55.083] [DEBUG] weixin - ------ 点击页面链接 -------
[2015-11-13 15:38:55.084] [INFO] console - None
[2015-11-13 15:38:55.084] [INFO] console - company.js /
[2015-11-13 15:38:55.663] [DEBUG] weixin - ------ 点击页面链接 -------
[2015-11-13 15:38:55.663] [INFO] console - None
[2015-11-13 15:38:55.663] [INFO] console - company.js jobList
[2015-11-13 15:38:55.663] [INFO] console - [ city: '北京市', type: '', area: '', time: '', sort: '' ]
[2015-11-13 15:38:57.527] [DEBUG] weixin - ------ 点击页面链接 -------
[2015-11-13 15:38:57.528] [INFO] console - None
[2015-11-13 15:38:57.528] [INFO] console - company.js isSign
[2015-11-13 15:38:57.536] [DEBUG] weixin - ------ 点击页面链接 -------
[2015-11-13 15:38:57.536] [INFO] console - None
[2015-11-13 15:38:57.536] [INFO] console - company.js profile
[2015-11-13 15:41:31.812] [DEBUG] configs - config:{"dbconfig":{"host":"localhost","user":"root","password":"123456","database":"LittleMaster"},"dbconfigslave":{"host":"localhost","user":"root","password":"","database":"LittleMaster"},"ossconfig":{"accessKeyId":"AYHqWkRssXm6pqCv","secretAccessKey":"QRTLrPqWDrqPgoNErniALChTZ1DuGL","bucketName":"little-master-test","endpoint":"http://oss-cn-hangzhou.aliyuncs.com","apiVersion":"2013-10-15"},"weixinconfig":{"appId":"wxbd6f3476bedbb55f","appSecret":"a8d342199c246fbaac755c7c47ea5041","token":"TsingZone2015"},"memcachedconfig":{"server1":{"keyPrefix":"LittleMaster_","server":"127.0.0.1","port":"11211","weight":"1","options":{"maxKeySize":250,"maxExpiration":2592000,"maxValue":1048576,"poolSize":10,"reconnect":18000000,"timeout":5000,"retries":5,"retry":30000}}},"smsconfig":{"server":{"IP":"https://sandboxapp.cloopen.com","Port":"8883"},"accountSid":"8a48b5514bde8c71014be3336e8802b0","accountToken":"3104c11a2bdc400ab0039f929b098f71","appId":"aaf98f8950189e9b01504637d0d91a71","softVersion":"2013-12-26"}}
[2015-11-13 15:41:39.269] [DEBUG] weixin - ------ 点击页面链接 -------
[2015-11-13 15:41:39.269] [INFO] console - None
[2015-11-13 15:41:39.270] [INFO] console - company.js /
[2015-11-13 15:41:39.893] [DEBUG] weixin - ------ 点击页面链接 -------
[2015-11-13 15:41:39.893] [INFO] console - None
[2015-11-13 15:41:39.894] [INFO] console - company.js jobList
[2015-11-13 15:41:39.894] [INFO] console - [ city: '北京市', type: '', area: '', time: '', sort: '' ]
[2015-11-13 15:41:53.364] [DEBUG] weixin - ------ 点击页面链接 -------
[2015-11-13 15:41:53.364] [INFO] console - None
[2015-11-13 15:41:53.364] [INFO] console - company.js isSign
[2015-11-13 15:41:56.128] [DEBUG] weixin - ------ 点击页面链接 -------
[2015-11-13 15:41:56.129] [INFO] console - None
[2015-11-13 15:41:56.129] [INFO] console - company.js isSign
[2015-11-13 15:41:56.167] [DEBUG] weixin - ------ 点击页面链接 -------
[2015-11-13 15:41:56.167] [INFO] console - None
[2015-11-13 15:41:56.168] [INFO] console - company.js profile
[2015-11-13 15:42:55.637] [DEBUG] configs - config:{"dbconfig":{"host":"localhost","user":"root","password":"123456","database":"LittleMaster"},"dbconfigslave":{"host":"localhost","user":"root","password":"","database":"LittleMaster"},"ossconfig":{"accessKeyId":"AYHqWkRssXm6pqCv","secretAccessKey":"QRTLrPqWDrqPgoNErniALChTZ1DuGL","bucketName":"little-master-test","endpoint":"http://oss-cn-hangzhou.aliyuncs.com","apiVersion":"2013-10-15"},"weixinconfig":{"appId":"wxbd6f3476bedbb55f","appSecret":"a8d342199c246fbaac755c7c47ea5041","token":"TsingZone2015"},"memcachedconfig":{"server1":{"keyPrefix":"LittleMaster_","server":"127.0.0.1","port":"11211","weight":"1","options":{"maxKeySize":250,"maxExpiration":2592000,"maxValue":1048576,"poolSize":10,"reconnect":18000000,"timeout":5000,"retries":5,"retry":30000}}},"smsconfig":{"server":{"IP":"https://sandboxapp.cloopen.com","Port":"8883"},"accountSid":"8a48b5514bde8c71014be3336e8802b0","accountToken":"3104c11a2bdc400ab0039f929b098f71","appId":"aaf98f8950189e9b01504637d0d91a71","softVersion":"2013-12-26"}}
[2015-11-13 15:42:56.922] [DEBUG] weixin - ------ 点击页面链接 -------
[2015-11-13 15:42:56.922] [INFO] console - None
[2015-11-13 15:42:56.923] [INFO] console - company.js profile
[2015-11-13 15:42:56.923] [INFO] console - undefined
[2015-11-13 15:43:00.494] [DEBUG] configs - config:{"dbconfig":{"host":"localhost","user":"root","password":"123456","database":"LittleMaster"},"dbconfigslave":{"host":"localhost","user":"root","password":"","database":"LittleMaster"},"ossconfig":{"accessKeyId":"AYHqWkRssXm6pqCv","secretAccessKey":"QRTLrPqWDrqPgoNErniALChTZ1DuGL","bucketName":"little-master-test","endpoint":"http://oss-cn-hangzhou.aliyuncs.com","apiVersion":"2013-10-15"},"weixinconfig":{"appId":"wxbd6f3476bedbb55f","appSecret":"a8d342199c246fbaac755c7c47ea5041","token":"TsingZone2015"},"memcachedconfig":{"server1":{"keyPrefix":"LittleMaster_","server":"127.0.0.1","port":"11211","weight":"1","options":{"maxKeySize":250,"maxExpiration":2592000,"maxValue":1048576,"poolSize":10,"reconnect":18000000,"timeout":5000,"retries":5,"retry":30000}}},"smsconfig":{"server":{"IP":"https://sandboxapp.cloopen.com","Port":"8883"},"accountSid":"8a48b5514bde8c71014be3336e8802b0","accountToken":"3104c11a2bdc400ab0039f929b098f71","appId":"aaf98f8950189e9b01504637d0d91a71","softVersion":"2013-12-26"}}
[2015-11-13 15:43:01.923] [DEBUG] weixin - ------ 点击页面链接 -------
[2015-11-13 15:43:01.924] [INFO] console - None
[2015-11-13 15:43:01.924] [INFO] console - company.js /
[2015-11-13 15:43:02.565] [DEBUG] weixin - ------ 点击页面链接 -------
[2015-11-13 15:43:02.565] [INFO] console - None
[2015-11-13 15:43:02.565] [INFO] console - company.js jobList
[2015-11-13 15:43:02.566] [INFO] console - [ city: '北京市', type: '', area: '', time: '', sort: '' ]
[2015-11-13 15:43:03.973] [DEBUG] weixin - ------ 点击页面链接 -------
[2015-11-13 15:43:03.973] [INFO] console - None
[2015-11-13 15:43:03.973] [INFO] console - company.js isSign
[2015-11-13 15:43:03.991] [DEBUG] weixin - ------ 点击页面链接 -------
[2015-11-13 15:43:03.991] [INFO] console - None
[2015-11-13 15:44:10.281] [DEBUG] configs - config:{"dbconfig":{"host":"localhost","user":"root","password":"123456","database":"LittleMaster"},"dbconfigslave":{"host":"localhost","user":"root","password":"","database":"LittleMaster"},"ossconfig":{"accessKeyId":"AYHqWkRssXm6pqCv","secretAccessKey":"QRTLrPqWDrqPgoNErniALChTZ1DuGL","bucketName":"little-master-test","endpoint":"http://oss-cn-hangzhou.aliyuncs.com","apiVersion":"2013-10-15"},"weixinconfig":{"appId":"wxbd6f3476bedbb55f","appSecret":"a8d342199c246fbaac755c7c47ea5041","token":"TsingZone2015"},"memcachedconfig":{"server1":{"keyPrefix":"LittleMaster_","server":"127.0.0.1","port":"11211","weight":"1","options":{"maxKeySize":250,"maxExpiration":2592000,"maxValue":1048576,"poolSize":10,"reconnect":18000000,"timeout":5000,"retries":5,"retry":30000}}},"smsconfig":{"server":{"IP":"https://sandboxapp.cloopen.com","Port":"8883"},"accountSid":"8a48b5514bde8c71014be3336e8802b0","accountToken":"3104c11a2bdc400ab0039f929b098f71","appId":"aaf98f8950189e9b01504637d0d91a71","softVersion":"2013-12-26"}}
[2015-11-13 15:44:12.475] [DEBUG] weixin - ------ 点击页面链接 -------
[2015-11-13 15:44:12.475] [INFO] console - None
[2015-11-13 15:44:12.476] [INFO] console - company.js /
[2015-11-13 15:44:13.129] [DEBUG] weixin - ------ 点击页面链接 -------
[2015-11-13 15:44:13.129] [INFO] console - None
[2015-11-13 15:44:13.129] [INFO] console - company.js jobList
[2015-11-13 15:44:13.129] [INFO] console - [ city: '北京市', type: '', area: '', time: '', sort: '' ]
[2015-11-13 15:44:13.457] [DEBUG] weixin - ------ 点击页面链接 -------
[2015-11-13 15:44:13.457] [INFO] console - None
[2015-11-13 15:44:13.457] [INFO] console - company.js isSign
[2015-11-13 15:44:13.474] [DEBUG] weixin - ------ 点击页面链接 -------
[2015-11-13 15:44:13.474] [INFO] console - None
[2015-11-13 15:44:13.474] [INFO] console - company.js profile
[2015-11-13 15:44:13.474] [INFO] console - 1
[2015-11-13 15:46:08.844] [DEBUG] weixin - ------ 点击页面链接 -------
[2015-11-13 15:46:08.844] [INFO] console - None
[2015-11-13 15:46:08.844] [INFO] console - company.js /
[2015-11-13 15:46:09.032] [DEBUG] weixin - ------ 点击页面链接 -------
[2015-11-13 15:46:09.033] [INFO] console - None
[2015-11-13 15:46:09.034] [INFO] console - company.js jobList
[2015-11-13 15:46:09.034] [INFO] console - [ city: '北京市', type: '', area: '', time: '', sort: '' ]
[2015-11-13 15:46:10.159] [DEBUG] weixin - ------ 点击页面链接 -------
[2015-11-13 15:46:10.159] [INFO] console - None
[2015-11-13 15:46:10.160] [INFO] console - company.js isSign
[2015-11-13 15:46:10.168] [DEBUG] weixin - ------ 点击页面链接 -------
[2015-11-13 15:46:10.169] [INFO] console - None
[2015-11-13 15:46:10.169] [INFO] console - company.js profile
[2015-11-13 15:46:10.169] [INFO] console - 1
[2015-11-13 15:46:12.130] [DEBUG] weixin - ------ 点击页面链接 -------
[2015-11-13 15:46:12.130] [INFO] console - None
[2015-11-13 15:46:12.130] [INFO] console - company.js isSign
[2015-11-13 15:46:12.138] [DEBUG] weixin - ------ 点击页面链接 -------
[2015-11-13 15:46:12.138] [INFO] console - None
[2015-11-13 15:46:12.139] [INFO] console - company.js schedule
[2015-11-13 15:46:15.470] [DEBUG] weixin - ------ 点击页面链接 -------
[2015-11-13 15:46:15.470] [INFO] console - None
[2015-11-13 15:46:15.470] [INFO] console - company.js isSign
[2015-11-13 15:46:15.486] [DEBUG] weixin - ------ 点击页面链接 -------
[2015-11-13 15:46:15.487] [INFO] console - None
[2015-11-13 15:46:15.487] [INFO] console - company.js schedule
[2015-11-13 15:48:48.337] [DEBUG] weixin - ------ 点击页面链接 -------
[2015-11-13 15:48:48.337] [INFO] console - None
[2015-11-13 15:48:48.337] [INFO] console - company.js /
[2015-11-13 15:48:48.505] [DEBUG] weixin - ------ 点击页面链接 -------
[2015-11-13 15:48:48.505] [INFO] console - None
[2015-11-13 15:48:48.505] [INFO] console - company.js /
[2015-11-13 15:48:48.678] [DEBUG] weixin - ------ 点击页面链接 -------
[2015-11-13 15:48:48.678] [INFO] console - None
[2015-11-13 15:48:48.678] [INFO] console - company.js jobList
[2015-11-13 15:48:48.679] [INFO] console - [ city: '北京市', type: '', area: '', time: '', sort: '' ]
[2015-11-13 15:49:25.882] [DEBUG] weixin - ------ 点击页面链接 -------
[2015-11-13 15:49:25.882] [INFO] console - None
[2015-11-13 15:49:25.883] [INFO] console - company.js isSign
[2015-11-13 15:49:25.891] [DEBUG] weixin - ------ 点击页面链接 -------
[2015-11-13 15:49:25.891] [INFO] console - None
[2015-11-13 15:49:25.891] [INFO] console - company.js profile
[2015-11-13 15:49:25.892] [INFO] console - 1
[2015-11-13 15:49:28.013] [DEBUG] weixin - ------ 点击页面链接 -------
[2015-11-13 15:49:28.014] [INFO] console - None
[2015-11-13 15:49:28.014] [INFO] console - company.js isSign
[2015-11-13 15:49:28.031] [DEBUG] weixin - ------ 点击页面链接 -------
[2015-11-13 15:49:28.031] [INFO] console - None
[2015-11-13 15:49:28.031] [INFO] console - company.js schedule
[2015-11-13 15:50:17.395] [DEBUG] weixin - ------ 点击页面链接 -------
[2015-11-13 15:50:17.395] [INFO] console - None
[2015-11-13 15:50:17.396] [INFO] console - company.js isSign
[2015-11-13 15:50:17.414] [DEBUG] weixin - ------ 点击页面链接 -------
[2015-11-13 15:50:17.415] [INFO] console - None
[2015-11-13 15:50:17.415] [INFO] console - company.js schedule
[2015-11-13 16:16:46.015] [DEBUG] weixin - ------ 点击页面链接 -------
[2015-11-13 16:16:46.015] [INFO] console - None
[2015-11-13 16:16:46.015] [INFO] console - company.js schedule
[2015-11-13 16:16:46.790] [DEBUG] weixin - ------ 点击页面链接 -------
[2015-11-13 16:16:46.790] [INFO] console - None
[2015-11-13 16:18:37.309] [DEBUG] weixin - ------ 点击页面链接 -------
[2015-11-13 16:18:37.309] [INFO] console - None
[2015-11-13 16:18:37.309] [INFO] console - company.js schedule
[2015-11-13 16:18:37.917] [DEBUG] weixin - ------ 点击页面链接 -------
[2015-11-13 16:18:37.917] [INFO] console - None
[2015-11-13 16:19:43.041] [DEBUG] weixin - ------ 点击页面链接 -------
[2015-11-13 16:19:43.041] [INFO] console - None
[2015-11-13 16:19:43.041] [INFO] console - company.js schedule
[2015-11-13 16:19:43.169] [DEBUG] weixin - ------ 点击页面链接 -------
[2015-11-13 16:19:43.169] [INFO] console - None
[2015-11-13 16:19:43.169] [INFO] console - company.js schedule
[2015-11-13 16:19:43.313] [DEBUG] weixin - ------ 点击页面链接 -------
[2015-11-13 16:19:43.313] [INFO] console - None
[2015-11-13 16:19:43.314] [INFO] console - company.js schedule
[2015-11-13 16:19:43.449] [DEBUG] weixin - ------ 点击页面链接 -------
[2015-11-13 16:19:43.449] [INFO] console - None
[2015-11-13 16:19:43.449] [INFO] console - company.js schedule
[2015-11-13 16:19:43.589] [DEBUG] weixin - ------ 点击页面链接 -------
[2015-11-13 16:19:43.589] [INFO] console - None
[2015-11-13 16:19:43.589] [INFO] console - company.js schedule
[2015-11-13 16:19:44.755] [DEBUG] weixin - ------ 点击页面链接 -------
[2015-11-13 16:19:44.755] [INFO] console - None
[2015-11-13 16:20:08.151] [DEBUG] configs - config:{"dbconfig":{"host":"localhost","user":"root","password":"123456","database":"LittleMaster"},"dbconfigslave":{"host":"localhost","user":"root","password":"","database":"LittleMaster"},"ossconfig":{"accessKeyId":"AYHqWkRssXm6pqCv","secretAccessKey":"QRTLrPqWDrqPgoNErniALChTZ1DuGL","bucketName":"little-master-test","endpoint":"http://oss-cn-hangzhou.aliyuncs.com","apiVersion":"2013-10-15"},"weixinconfig":{"appId":"wxbd6f3476bedbb55f","appSecret":"a8d342199c246fbaac755c7c47ea5041","token":"TsingZone2015"},"memcachedconfig":{"server1":{"keyPrefix":"LittleMaster_","server":"127.0.0.1","port":"11211","weight":"1","options":{"maxKeySize":250,"maxExpiration":2592000,"maxValue":1048576,"poolSize":10,"reconnect":18000000,"timeout":5000,"retries":5,"retry":30000}}},"smsconfig":{"server":{"IP":"https://sandboxapp.cloopen.com","Port":"8883"},"accountSid":"8a48b5514bde8c71014be3336e8802b0","accountToken":"3104c11a2bdc400ab0039f929b098f71","appId":"aaf98f8950189e9b01504637d0d91a71","softVersion":"2013-12-26"}}
[2015-11-13 16:20:08.559] [DEBUG] weixin - ------ 点击页面链接 -------
[2015-11-13 16:20:08.560] [INFO] console - None
[2015-11-13 16:27:20.120] [DEBUG] weixin - ------ 点击页面链接 -------
[2015-11-13 16:27:20.120] [INFO] console - None
[2015-11-13 16:27:20.120] [INFO] console - company.js schedule
[2015-11-13 16:27:20.958] [DEBUG] weixin - ------ 点击页面链接 -------
[2015-11-13 16:27:20.958] [INFO] console - None
[2015-11-13 16:27:20.958] [INFO] console - company.js profile
[2015-11-13 16:27:26.420] [DEBUG] weixin - ------ 点击页面链接 -------
[2015-11-13 16:27:26.420] [INFO] console - None
[2015-11-13 16:27:26.421] [INFO] console - company.js profile
[2015-11-13 16:32:20.651] [DEBUG] weixin - ------ 点击页面链接 -------
[2015-11-13 16:32:20.651] [INFO] console - None
[2015-11-13 16:32:20.651] [INFO] console - company.js profile
[2015-11-13 16:32:22.281] [DEBUG] weixin - ------ 点击页面链接 -------
[2015-11-13 16:32:22.281] [INFO] console - None
[2015-11-13 16:32:22.282] [INFO] console - company.js profile
[2015-11-13 16:32:28.108] [DEBUG] configs - config:{"dbconfig":{"host":"localhost","user":"root","password":"123456","database":"LittleMaster"},"dbconfigslave":{"host":"localhost","user":"root","password":"","database":"LittleMaster"},"ossconfig":{"accessKeyId":"AYHqWkRssXm6pqCv","secretAccessKey":"QRTLrPqWDrqPgoNErniALChTZ1DuGL","bucketName":"little-master-test","endpoint":"http://oss-cn-hangzhou.aliyuncs.com","apiVersion":"2013-10-15"},"weixinconfig":{"appId":"wxbd6f3476bedbb55f","appSecret":"a8d342199c246fbaac755c7c47ea5041","token":"TsingZone2015"},"memcachedconfig":{"server1":{"keyPrefix":"LittleMaster_","server":"127.0.0.1","port":"11211","weight":"1","options":{"maxKeySize":250,"maxExpiration":2592000,"maxValue":1048576,"poolSize":10,"reconnect":18000000,"timeout":5000,"retries":5,"retry":30000}}},"smsconfig":{"server":{"IP":"https://sandboxapp.cloopen.com","Port":"8883"},"accountSid":"8a48b5514bde8c71014be3336e8802b0","accountToken":"3104c11a2bdc400ab0039f929b098f71","appId":"aaf98f8950189e9b01504637d0d91a71","softVersion":"2013-12-26"}}
[2015-11-13 16:32:28.500] [DEBUG] weixin - ------ 点击页面链接 -------
[2015-11-13 16:32:28.500] [INFO] console - None
[2015-11-13 16:32:28.501] [INFO] console - company.js profile
[2015-11-13 16:33:26.886] [DEBUG] weixin - ------ 点击页面链接 -------
[2015-11-13 16:33:26.887] [INFO] console - None
[2015-11-13 16:33:26.888] [INFO] console - company.js profile
[2015-11-13 16:33:49.880] [DEBUG] weixin - ------ 点击页面链接 -------
[2015-11-13 16:33:49.880] [INFO] console - None
[2015-11-13 16:33:49.880] [INFO] console - company.js schedule
[2015-11-13 16:33:50.871] [DEBUG] weixin - ------ 点击页面链接 -------
[2015-11-13 16:33:50.872] [INFO] console - None
[2015-11-13 16:33:50.872] [INFO] console - company.js profile
[2015-11-13 16:33:56.022] [DEBUG] weixin - ------ 点击页面链接 -------
[2015-11-13 16:33:56.026] [INFO] console - None
[2015-11-13 16:33:56.026] [INFO] console - company.js profile
[2015-11-13 16:34:01.061] [DEBUG] weixin - ------ 点击页面链接 -------
[2015-11-13 16:34:01.061] [INFO] console - None
[2015-11-13 16:34:01.061] [INFO] console - company.js isSign
[2015-11-13 16:34:01.075] [DEBUG] weixin - ------ 点击页面链接 -------
[2015-11-13 16:34:01.075] [INFO] console - None
[2015-11-13 16:34:01.076] [INFO] console - company.js profile
[2015-11-13 16:34:03.509] [DEBUG] weixin - ------ 点击页面链接 -------
[2015-11-13 16:34:03.509] [INFO] console - None
[2015-11-13 16:34:03.510] [INFO] console - company.js isSign
[2015-11-13 16:34:03.538] [DEBUG] weixin - ------ 点击页面链接 -------
[2015-11-13 16:34:03.538] [INFO] console - None
[2015-11-13 16:34:03.539] [INFO] console - company.js schedule
[2015-11-13 16:34:04.516] [DEBUG] weixin - ------ 点击页面链接 -------
[2015-11-13 16:34:04.516] [INFO] console - None
[2015-11-13 16:34:04.516] [INFO] console - company.js profile
